  graph.cpp
c:\users\gioel\documents\poli\magistrale\system_and_device_programming\project_repoo\graph-coloring-sdp-project_1\graph-coloring-sdp-project\src\jones_plassman\jones_plassman\graph.cpp(165): warning C4244: 'inizializzazione': conversione da 'double' a 'int'. Possibile perdita di dati.
c:\users\gioel\documents\poli\magistrale\system_and_device_programming\project_repoo\graph-coloring-sdp-project_1\graph-coloring-sdp-project\src\jones_plassman\jones_plassman\graph.cpp(165): warning C4244: 'inizializzazione': conversione da 'double' a 'const int'. Possibile perdita di dati.
c:\users\gioel\documents\poli\magistrale\system_and_device_programming\project_repoo\graph-coloring-sdp-project_1\graph-coloring-sdp-project\src\jones_plassman\jones_plassman\graph.cpp(175): warning C4018: '<': errata corrispondenza tra signed e unsigned
c:\users\gioel\documents\poli\magistrale\system_and_device_programming\project_repoo\graph-coloring-sdp-project_1\graph-coloring-sdp-project\src\jones_plassman\jones_plassman\graph.cpp(178): warning C4018: '<': errata corrispondenza tra signed e unsigned
c:\users\gioel\documents\poli\magistrale\system_and_device_programming\project_repoo\graph-coloring-sdp-project_1\graph-coloring-sdp-project\src\jones_plassman\jones_plassman\graph.cpp(180): warning C4018: '>': errata corrispondenza tra signed e unsigned
c:\users\gioel\documents\poli\magistrale\system_and_device_programming\project_repoo\graph-coloring-sdp-project_1\graph-coloring-sdp-project\src\jones_plassman\jones_plassman\graph.cpp(214): warning C4244: 'inizializzazione': conversione da 'double' a 'int'. Possibile perdita di dati.
c:\users\gioel\documents\poli\magistrale\system_and_device_programming\project_repoo\graph-coloring-sdp-project_1\graph-coloring-sdp-project\src\jones_plassman\jones_plassman\graph.cpp(214): warning C4244: 'inizializzazione': conversione da 'double' a 'const int'. Possibile perdita di dati.
c:\users\gioel\documents\poli\magistrale\system_and_device_programming\project_repoo\graph-coloring-sdp-project_1\graph-coloring-sdp-project\src\jones_plassman\jones_plassman\graph.cpp(223): warning C4018: '<': errata corrispondenza tra signed e unsigned
c:\users\gioel\documents\poli\magistrale\system_and_device_programming\project_repoo\graph-coloring-sdp-project_1\graph-coloring-sdp-project\src\jones_plassman\jones_plassman\graph.cpp(227): warning C4018: '<': errata corrispondenza tra signed e unsigned
c:\users\gioel\documents\poli\magistrale\system_and_device_programming\project_repoo\graph-coloring-sdp-project_1\graph-coloring-sdp-project\src\jones_plassman\jones_plassman\graph.cpp(229): warning C4018: '>': errata corrispondenza tra signed e unsigned
c:\users\gioel\documents\poli\magistrale\system_and_device_programming\project_repoo\graph-coloring-sdp-project_1\graph-coloring-sdp-project\src\jones_plassman\jones_plassman\graph.cpp(278): warning C4244: 'inizializzazione': conversione da 'double' a 'int'. Possibile perdita di dati.
c:\users\gioel\documents\poli\magistrale\system_and_device_programming\project_repoo\graph-coloring-sdp-project_1\graph-coloring-sdp-project\src\jones_plassman\jones_plassman\graph.cpp(278): warning C4244: 'inizializzazione': conversione da 'double' a 'const int'. Possibile perdita di dati.
c:\users\gioel\documents\poli\magistrale\system_and_device_programming\project_repoo\graph-coloring-sdp-project_1\graph-coloring-sdp-project\src\jones_plassman\jones_plassman\graph.cpp(287): warning C4018: '<': errata corrispondenza tra signed e unsigned
c:\users\gioel\documents\poli\magistrale\system_and_device_programming\project_repoo\graph-coloring-sdp-project_1\graph-coloring-sdp-project\src\jones_plassman\jones_plassman\graph.cpp(289): warning C4018: '>': errata corrispondenza tra signed e unsigned
c:\users\gioel\documents\poli\magistrale\system_and_device_programming\project_repoo\graph-coloring-sdp-project_1\graph-coloring-sdp-project\src\jones_plassman\jones_plassman\graph.cpp(299): warning C4018: '<': errata corrispondenza tra signed e unsigned
c:\users\gioel\documents\poli\magistrale\system_and_device_programming\project_repoo\graph-coloring-sdp-project_1\graph-coloring-sdp-project\src\jones_plassman\jones_plassman\graph.cpp(336): warning C4018: '<': errata corrispondenza tra signed e unsigned
c:\users\gioel\documents\poli\magistrale\system_and_device_programming\project_repoo\graph-coloring-sdp-project_1\graph-coloring-sdp-project\src\jones_plassman\jones_plassman\graph.cpp(351): warning C4244: 'inizializzazione': conversione da 'double' a 'int'. Possibile perdita di dati.
c:\users\gioel\documents\poli\magistrale\system_and_device_programming\project_repoo\graph-coloring-sdp-project_1\graph-coloring-sdp-project\src\jones_plassman\jones_plassman\graph.cpp(351): warning C4244: 'inizializzazione': conversione da 'double' a 'const int'. Possibile perdita di dati.
c:\users\gioel\documents\poli\magistrale\system_and_device_programming\project_repoo\graph-coloring-sdp-project_1\graph-coloring-sdp-project\src\jones_plassman\jones_plassman\graph.cpp(357): warning C4018: '<': errata corrispondenza tra signed e unsigned
c:\users\gioel\documents\poli\magistrale\system_and_device_programming\project_repoo\graph-coloring-sdp-project_1\graph-coloring-sdp-project\src\jones_plassman\jones_plassman\graph.cpp(365): warning C4018: '<': errata corrispondenza tra signed e unsigned
c:\users\gioel\documents\poli\magistrale\system_and_device_programming\project_repoo\graph-coloring-sdp-project_1\graph-coloring-sdp-project\src\jones_plassman\jones_plassman\graph.cpp(367): warning C4018: '>': errata corrispondenza tra signed e unsigned
  Generazione codice in corso...
  1 of 1238 functions (<0.1%) were compiled, the rest were copied from previous compilation.
    0 functions were new in current compilation
    1 functions had inline decision re-evaluated but remain unchanged
  Generazione codice terminata
  Jones_Plassman.vcxproj -> C:\Users\gioel\Documents\POLI\magistrale\System_and_Device_Programming\Project_repoo\Graph-Coloring-SDP-Project_1\Graph-Coloring-SDP-Project\src\Jones_Plassman\Release\Jones_Plassman.exe
